Arguments: 
  C:\Program Files\nodejs\node.exe C:\Program Files (x86)\Yarn\bin\yarn.js add @materials/icons

PATH: 
  C:\Program Files\NVIDIA GPU Computing Toolkit\CUDA\v11.3\bin;C:\Program Files\NVIDIA GPU Computing Toolkit\CUDA\v11.3\libnvvp;C:\ProgramData\Oracle\Java\javapath;C:\Program Files (x86)\Common Files\Intel\Shared Libraries\redist\intel64\compiler;C:\WINDOWS\system32;C:\WINDOWS;C:\WINDOWS\System32\Wbem;C:\WINDOWS\System32\WindowsPowerShell\v1.0\;C:\WINDOWS\System32\OpenSSH\;C:\Program Files\Intel\WiFi\bin\;C:\Program Files\Common Files\Intel\WirelessCommon\;C:\Program Files\dotnet\;C:\xampp\php;C:\Chromium;C:\Android\platform-tools;C:\Program Files\PuTTY\;C;C:\Program Files\Git\cmd;C:\Program Files (x86)\GtkSharp\2.12\bin;C:\Program Files\Microsoft SQL Server\130\Tools\Binn\;C:\Program Files\Microsoft SQL Server\Client SDK\ODBC\170\Tools\Binn\;C:\Program Files\Microsoft VS Code\bin;C:\Program Files\CMake\bin;C:\Program Files (x86)\Windows Kits\10\Windows Performance Toolkit\;C:\Program Files (x86)\dotnet\;C:\Program Files (x86)\Natural Docs\;C:\Program Files\Graphviz 2.44.1\bin;C:\Program Files (x86)\Yarn\bin\;C:\Program Files\nodejs\;C:\ProgramData\chocolatey\bin;C:\Program Files (x86)\NVIDIA Corporation\PhysX\Common;C:\ffmpeg\bin\;C:\WINDOWS\system32\cmd.exe;C:\Users\bas10\AppData\Local\Microsoft\WindowsApps\;C:\Program Files\NVIDIA Corporation\Nsight Compute 2021.1.1\;C:\Program Files\NVIDIA Corporation\NVIDIA NvDLISR;C:\Users\Work\AppData\Local\Programs\Python\Python39;;C:\Program Files\Docker\Docker\resources\bin;C:\ProgramData\DockerDesktop\version-bin;C:\Users\Work\AppData\Local\Programs\Python\Python39\Scripts\;C:\Users\Work\AppData\Local\Programs\Python\Python39\;C:\Users\Work\AppData\Local\Microsoft\WindowsApps;C:\Users\Work\.dotnet\tools;C:\Users\Work\AppData\Local\Google\Cloud SDK\google-cloud-sdk\bin;C:\Users\Work\AppData\Local\Yarn\bin;C:\Program Files\OpenSSL-Win64\bin;C:\Users\Work\AppData\Roaming\npm;C:\Users\Work\Desktop\roots_builder\bin\Debug\net5.0\RootsBuildUtilities\node-v14.16.1-win-x64;C:\WINDOWS\system32\cmd.exe;C:\Program Files (x86)\GitHub CLI\;C:\Users\Work\.dotnet\tools;C:\Users\Work\AppData\Local\Microsoft\WindowsApps\;C:\Users\Work\AppData\Local\Programs\Python\Python39;

Yarn version: 
  1.22.5

Node version: 
  15.10.0

Platform: 
  win32 x64

Trace: 
  Error: https://registry.npmjs.org/@materials%2ficons: Not found
      at Request.params.callback [as _callback] (C:\Program Files (x86)\Yarn\lib\cli.js:66097:18)
      at Request.self.callback (C:\Program Files (x86)\Yarn\lib\cli.js:140749:22)
      at Request.emit (node:events:378:20)
      at Request.<anonymous> (C:\Program Files (x86)\Yarn\lib\cli.js:141721:10)
      at Request.emit (node:events:378:20)
      at IncomingMessage.<anonymous> (C:\Program Files (x86)\Yarn\lib\cli.js:141643:12)
      at Object.onceWrapper (node:events:484:28)
      at IncomingMessage.emit (node:events:390:22)
      at endReadableNT (node:internal/streams/readable:1307:12)
      at processTicksAndRejections (node:internal/process/task_queues:81:21)

npm manifest: 
  No manifest

yarn manifest: 
  No manifest

Lockfile: 
  No lockfile
